<?xml version="1.0" encoding="UTF-8"?>
<!-- Generated by org.testng.reporters.JUnitReportReporter -->
<testsuite hostname="LAPTOP-031K7DTM" failures="0" tests="1" name="testCases.TC_001_New_Registration" time="13.831" errors="0" timestamp="2024-03-11T13:57:23 IST" skipped="0">
  <testcase classname="testCases.TC_001_New_Registration" name="registrationAccout" time="13.831"/>
</testsuite> <!-- testCases.TC_001_New_Registration -->
