<?xml version="1.0" encoding="UTF-8"?>
<!-- Generated by org.testng.reporters.JUnitReportReporter -->
<testsuite hostname="LAPTOP-031K7DTM" failures="0" tests="1" name="testCases.TC_002_Login" time="8.612" errors="0" timestamp="2024-03-08T10:40:02 IST" skipped="0">
  <testcase classname="testCases.TC_002_Login" name="LoginAccount" time="8.612"/>
</testsuite> <!-- testCases.TC_002_Login -->
