<?xml version="1.0" encoding="UTF-8"?>
<!-- Generated by org.testng.reporters.JUnitReportReporter -->
<testsuite hostname="LAPTOP-031K7DTM" failures="0" tests="2" name="testCases.TC_03" time="16.293" errors="0" timestamp="2024-04-05T11:19:16 IST" skipped="0">
  <testcase classname="testCases.TC_03" name="setup" time="5.889"/>
  <testcase classname="testCases.TC_03" name="register" time="10.404"/>
</testsuite> <!-- testCases.TC_03 -->
